2023-11-23 20:59:30,761 [INFO] basefile.py:24 url successfully launched: https://www.goibibo.com/
2023-11-23 20:59:30,765 [INFO] book_flight_module.py:15 ('xpath', "//span[@class='logSprite icClose']//parent::span")
2023-11-23 20:59:30,766 [INFO] basefile.py:29 found element for locator: ('xpath', "//span[@class='logSprite icClose']//parent::span")
2023-11-23 20:59:31,264 [INFO] basefile.py:43 clicked on element: ('xpath', "//span[@class='logSprite icClose']//parent::span")
2023-11-23 20:59:31,267 [INFO] basefile.py:29 found element for locator: ('xpath', "//span[text()='From']//following-sibling::p[contains(text(), 'Enter city or airport')]")
2023-11-23 20:59:31,558 [INFO] basefile.py:43 clicked on element: ('xpath', "//span[text()='From']//following-sibling::p[contains(text(), 'Enter city or airport')]")
2023-11-23 20:59:31,560 [INFO] basefile.py:29 found element for locator: ('xpath', "//span[text()='From']//following-sibling::input")
2023-11-23 20:59:31,894 [INFO] basefile.py:49 data entered: ('xpath', "//span[text()='From']//following-sibling::input"), Mumbai
2023-11-23 20:59:31,900 [INFO] basefile.py:29 found element for locator: ('xpath', "//span[contains(text(), 'Mumbai')]//ancestor::li")
2023-11-23 20:59:32,592 [INFO] basefile.py:43 clicked on element: ('xpath', "//span[contains(text(), 'Mumbai')]//ancestor::li")
2023-11-23 20:59:32,593 [INFO] basefile.py:29 found element for locator: ('xpath', "//span[text()='To']//following-sibling::input")
2023-11-23 20:59:32,827 [INFO] basefile.py:49 data entered: ('xpath', "//span[text()='To']//following-sibling::input"), Delhi
2023-11-23 20:59:32,832 [INFO] basefile.py:29 found element for locator: ('xpath', "//span[contains(text(), 'Delhi')]//ancestor::li")
2023-11-23 20:59:33,303 [INFO] basefile.py:43 clicked on element: ('xpath', "//span[contains(text(), 'Delhi')]//ancestor::li")
2023-11-23 20:59:33,304 [INFO] basefile.py:29 found element for locator: ('xpath', "//div[@aria-label='Fri Nov 24 2023']")
2023-11-23 20:59:33,500 [INFO] basefile.py:43 clicked on element: ('xpath', "//div[@aria-label='Fri Nov 24 2023']")
2023-11-23 20:59:33,501 [INFO] basefile.py:29 found element for locator: ('xpath', "//span[text()='Done']")
2023-11-23 20:59:33,743 [INFO] basefile.py:43 clicked on element: ('xpath', "//span[text()='Done']")
2023-11-23 20:59:33,744 [INFO] basefile.py:29 found element for locator: ('xpath', "//li[text()='economy']")
2023-11-23 20:59:33,918 [INFO] basefile.py:43 clicked on element: ('xpath', "//li[text()='economy']")
2023-11-23 20:59:33,919 [INFO] basefile.py:29 found element for locator: ('xpath', "//a[text()='Done']")
2023-11-23 20:59:34,120 [INFO] basefile.py:43 clicked on element: ('xpath', "//a[text()='Done']")
2023-11-23 20:59:39,121 [INFO] basefile.py:29 found element for locator: ('xpath', "//span[text()='SEARCH FLIGHTS']")
2023-11-23 20:59:40,266 [INFO] basefile.py:43 clicked on element: ('xpath', "//span[text()='SEARCH FLIGHTS']")
