2023-11-24 21:00:51,908 [INFO] driver_factory.py:16 url successfully launched: https://www.goibibo.com/
2023-11-24 21:00:51,913 [INFO] flight_booking_page.py:12 ('xpath', "//span[@class='logSprite icClose']//parent::span")
2023-11-24 21:00:51,916 [INFO] basefile.py:18 found element for locator: ('xpath', "//span[@class='logSprite icClose']//parent::span")
2023-11-24 21:00:52,268 [INFO] basefile.py:32 clicked on element: ('xpath', "//span[@class='logSprite icClose']//parent::span")
2023-11-24 21:00:52,269 [INFO] basefile.py:18 found element for locator: ('xpath', "//span[text()='From']//following-sibling::p[contains(text(), 'Enter city or airport')]")
2023-11-24 21:00:53,015 [INFO] basefile.py:32 clicked on element: ('xpath', "//span[text()='From']//following-sibling::p[contains(text(), 'Enter city or airport')]")
2023-11-24 21:00:53,018 [INFO] basefile.py:18 found element for locator: ('xpath', "//span[text()='From']//following-sibling::input")
2023-11-24 21:00:53,235 [INFO] basefile.py:38 data entered: ('xpath', "//span[text()='From']//following-sibling::input"), Mumbai
2023-11-24 21:00:53,236 [INFO] basefile.py:18 found element for locator: ('xpath', "//span[contains(text(), 'Mumbai')]//ancestor::li")
2023-11-24 21:00:53,904 [INFO] basefile.py:32 clicked on element: ('xpath', "//span[contains(text(), 'Mumbai')]//ancestor::li")
2023-11-24 21:00:53,905 [INFO] basefile.py:18 found element for locator: ('xpath', "//span[text()='To']//following-sibling::input")
2023-11-24 21:00:54,022 [INFO] basefile.py:38 data entered: ('xpath', "//span[text()='To']//following-sibling::input"), Delhi
2023-11-24 21:00:54,025 [INFO] basefile.py:18 found element for locator: ('xpath', "//span[contains(text(), 'Delhi')]//ancestor::li")
2023-11-24 21:00:57,870 [INFO] basefile.py:32 clicked on element: ('xpath', "//span[contains(text(), 'Delhi')]//ancestor::li")
2023-11-24 21:00:57,871 [INFO] basefile.py:18 found element for locator: ('xpath', "//div[@aria-label='Fri Nov 24 2023']")
2023-11-24 21:00:57,972 [INFO] basefile.py:32 clicked on element: ('xpath', "//div[@aria-label='Fri Nov 24 2023']")
2023-11-24 21:00:57,973 [INFO] basefile.py:18 found element for locator: ('xpath', "//span[text()='Done']")
2023-11-24 21:00:58,054 [INFO] basefile.py:32 clicked on element: ('xpath', "//span[text()='Done']")
2023-11-24 21:00:58,055 [INFO] basefile.py:18 found element for locator: ('xpath', "//li[text()='economy']")
2023-11-24 21:00:58,148 [INFO] basefile.py:32 clicked on element: ('xpath', "//li[text()='economy']")
2023-11-24 21:00:58,149 [INFO] basefile.py:18 found element for locator: ('xpath', "//a[text()='Done']")
2023-11-24 21:00:58,240 [INFO] basefile.py:32 clicked on element: ('xpath', "//a[text()='Done']")
2023-11-24 21:01:03,241 [INFO] basefile.py:18 found element for locator: ('xpath', "//span[text()='SEARCH FLIGHTS']")
2023-11-24 21:01:18,749 [INFO] basefile.py:32 clicked on element: ('xpath', "//span[text()='SEARCH FLIGHTS']")
2023-11-24 21:01:33,322 [INFO] driver_factory.py:16 url successfully launched: https://automationbysqatools.blogspot.com/2021/05/dummy-website.html
2023-11-24 21:01:33,326 [INFO] basefile.py:18 found element for locator: ('xpath', "//h1[@align='center']")
2023-11-24 21:01:33,373 [INFO] basefile.py:42 got text of element: ('xpath', "//h1[@align='center']"), Dummy Ticket Booking Website
2023-11-24 21:01:33,408 [INFO] basefile.py:18 found element for locator: ('xpath', "//span[contains(text(),'Dummy hotel booking ticket - $400')]//parent::li/input")
