2023-11-24 21:02:51,622 [INFO] driver_factory.py:16 url successfully launched: https://www.goibibo.com/
2023-11-24 21:02:51,629 [INFO] flight_booking_page.py:12 ('xpath', "//span[@class='logSprite icClose']//parent::span")
2023-11-24 21:02:51,633 [INFO] basefile.py:18 found element for locator: ('xpath', "//span[@class='logSprite icClose']//parent::span")
2023-11-24 21:02:51,975 [INFO] basefile.py:32 clicked on element: ('xpath', "//span[@class='logSprite icClose']//parent::span")
2023-11-24 21:02:51,976 [INFO] basefile.py:18 found element for locator: ('xpath', "//span[text()='From']//following-sibling::p[contains(text(), 'Enter city or airport')]")
2023-11-24 21:02:52,164 [INFO] basefile.py:32 clicked on element: ('xpath', "//span[text()='From']//following-sibling::p[contains(text(), 'Enter city or airport')]")
2023-11-24 21:02:52,166 [INFO] basefile.py:18 found element for locator: ('xpath', "//span[text()='From']//following-sibling::input")
2023-11-24 21:02:52,409 [INFO] basefile.py:38 data entered: ('xpath', "//span[text()='From']//following-sibling::input"), Mumbai
2023-11-24 21:02:52,410 [INFO] basefile.py:18 found element for locator: ('xpath', "//span[contains(text(), 'Mumbai')]//ancestor::li")
2023-11-24 21:02:52,975 [INFO] basefile.py:32 clicked on element: ('xpath', "//span[contains(text(), 'Mumbai')]//ancestor::li")
2023-11-24 21:02:52,979 [INFO] basefile.py:18 found element for locator: ('xpath', "//span[text()='To']//following-sibling::input")
2023-11-24 21:02:53,129 [INFO] basefile.py:38 data entered: ('xpath', "//span[text()='To']//following-sibling::input"), Delhi
2023-11-24 21:02:53,130 [INFO] basefile.py:18 found element for locator: ('xpath', "//span[contains(text(), 'Delhi')]//ancestor::li")
2023-11-24 21:02:53,509 [INFO] basefile.py:32 clicked on element: ('xpath', "//span[contains(text(), 'Delhi')]//ancestor::li")
2023-11-24 21:02:53,511 [INFO] basefile.py:18 found element for locator: ('xpath', "//div[@aria-label='Fri Nov 24 2023']")
2023-11-24 21:02:53,630 [INFO] basefile.py:32 clicked on element: ('xpath', "//div[@aria-label='Fri Nov 24 2023']")
2023-11-24 21:02:53,631 [INFO] basefile.py:18 found element for locator: ('xpath', "//span[text()='Done']")
2023-11-24 21:02:53,789 [INFO] basefile.py:32 clicked on element: ('xpath', "//span[text()='Done']")
2023-11-24 21:02:53,790 [INFO] basefile.py:18 found element for locator: ('xpath', "//li[text()='economy']")
2023-11-24 21:02:53,922 [INFO] basefile.py:32 clicked on element: ('xpath', "//li[text()='economy']")
2023-11-24 21:02:53,922 [INFO] basefile.py:18 found element for locator: ('xpath', "//a[text()='Done']")
2023-11-24 21:02:54,066 [INFO] basefile.py:32 clicked on element: ('xpath', "//a[text()='Done']")
2023-11-24 21:02:59,068 [INFO] basefile.py:18 found element for locator: ('xpath', "//span[text()='SEARCH FLIGHTS']")
2023-11-24 21:03:00,376 [INFO] basefile.py:32 clicked on element: ('xpath', "//span[text()='SEARCH FLIGHTS']")
2023-11-24 21:03:13,516 [INFO] driver_factory.py:16 url successfully launched: https://automationbysqatools.blogspot.com/2021/05/dummy-website.html
2023-11-24 21:03:13,520 [INFO] basefile.py:18 found element for locator: ('xpath', "//h1[@align='center']")
2023-11-24 21:03:13,594 [INFO] basefile.py:42 got text of element: ('xpath', "//h1[@align='center']"), Dummy Ticket Booking Website
2023-11-24 21:03:13,620 [INFO] basefile.py:18 found element for locator: ('xpath', "//span[contains(text(),'Dummy hotel booking ticket - $400')]//parent::li/input")
