2023-11-24 20:55:52,568 [INFO] driver_factory.py:16 url successfully launched: https://www.goibibo.com/
2023-11-24 20:55:52,572 [INFO] flight_booking_page.py:12 ('xpath', "//span[@class='logSprite icClose']//parent::span")
2023-11-24 20:55:52,575 [INFO] basefile.py:18 found element for locator: ('xpath', "//span[@class='logSprite icClose']//parent::span")
2023-11-24 20:55:52,947 [INFO] basefile.py:32 clicked on element: ('xpath', "//span[@class='logSprite icClose']//parent::span")
2023-11-24 20:55:52,948 [INFO] basefile.py:18 found element for locator: ('xpath', "//span[text()='From']//following-sibling::p[contains(text(), 'Enter city or airport')]")
2023-11-24 20:55:53,056 [INFO] basefile.py:32 clicked on element: ('xpath', "//span[text()='From']//following-sibling::p[contains(text(), 'Enter city or airport')]")
2023-11-24 20:55:53,057 [INFO] basefile.py:18 found element for locator: ('xpath', "//span[text()='From']//following-sibling::input")
2023-11-24 20:55:53,264 [INFO] basefile.py:38 data entered: ('xpath', "//span[text()='From']//following-sibling::input"), Mumbai
2023-11-24 20:55:53,264 [INFO] basefile.py:18 found element for locator: ('xpath', "//span[contains(text(), 'Mumbai')]//ancestor::li")
2023-11-24 20:56:09,504 [INFO] basefile.py:32 clicked on element: ('xpath', "//span[contains(text(), 'Mumbai')]//ancestor::li")
2023-11-24 20:56:09,504 [INFO] basefile.py:18 found element for locator: ('xpath', "//span[text()='To']//following-sibling::input")
2023-11-24 20:56:09,604 [INFO] basefile.py:38 data entered: ('xpath', "//span[text()='To']//following-sibling::input"), Delhi
2023-11-24 20:56:09,605 [INFO] basefile.py:18 found element for locator: ('xpath', "//span[contains(text(), 'Delhi')]//ancestor::li")
2023-11-24 20:56:12,914 [INFO] basefile.py:32 clicked on element: ('xpath', "//span[contains(text(), 'Delhi')]//ancestor::li")
2023-11-24 20:56:12,915 [INFO] basefile.py:18 found element for locator: ('xpath', "//div[@aria-label='Fri Nov 24 2023']")
2023-11-24 20:56:13,012 [INFO] basefile.py:32 clicked on element: ('xpath', "//div[@aria-label='Fri Nov 24 2023']")
2023-11-24 20:56:13,012 [INFO] basefile.py:18 found element for locator: ('xpath', "//span[text()='Done']")
2023-11-24 20:56:13,125 [INFO] basefile.py:32 clicked on element: ('xpath', "//span[text()='Done']")
2023-11-24 20:56:13,126 [INFO] basefile.py:18 found element for locator: ('xpath', "//li[text()='economy']")
2023-11-24 20:56:13,201 [INFO] basefile.py:32 clicked on element: ('xpath', "//li[text()='economy']")
2023-11-24 20:56:13,202 [INFO] basefile.py:18 found element for locator: ('xpath', "//a[text()='Done']")
2023-11-24 20:56:13,278 [INFO] basefile.py:32 clicked on element: ('xpath', "//a[text()='Done']")
2023-11-24 20:56:18,279 [INFO] basefile.py:18 found element for locator: ('xpath', "//span[text()='SEARCH FLIGHTS']")
2023-11-24 20:56:19,725 [INFO] basefile.py:32 clicked on element: ('xpath', "//span[text()='SEARCH FLIGHTS']")
